<?xml version="1.0" encoding="UTF-8"?>
<testng-results skipped="0" failed="1" ignored="0" total="4" passed="3">
  <reporter-output>
  </reporter-output>
  <suite name="Suite" duration-ms="77462" started-at="2021-01-26T11:54:29Z" finished-at="2021-01-26T11:55:46Z">
    <groups>
    </groups>
    <test name="Test" duration-ms="77462" started-at="2021-01-26T11:54:29Z" finished-at="2021-01-26T11:55:46Z">
      <class name="com.crm.testcases.HomePageTest">
        <test-method status="PASS" signature="login()[pri:0, instance:com.crm.testcases.HomePageTest@53b32d7]" name="login" is-config="true" duration-ms="19005" started-at="2021-01-26T17:24:29Z" finished-at="2021-01-26T17:24:48Z">
          <reporter-output>
          </reporter-output>
        </test-method> <!-- login -->
        <test-method status="PASS" signature="clickPerf()[pri:0, instance:com.crm.testcases.HomePageTest@53b32d7]" name="clickPerf" duration-ms="110" started-at="2021-01-26T17:24:48Z" finished-at="2021-01-26T17:24:48Z">
          <reporter-output>
          </reporter-output>
        </test-method> <!-- clickPerf -->
        <test-method status="PASS" signature="teardown(org.testng.ITestResult)[pri:0, instance:com.crm.testcases.HomePageTest@53b32d7]" name="teardown" is-config="true" duration-ms="721" started-at="2021-01-26T17:24:48Z" finished-at="2021-01-26T17:24:49Z">
          <params>
            <param index="0">
              <value>
                <![CDATA[[TestResult name=clickPerf status=SUCCESS method=HomePageTest.clickPerf()[pri:0, instance:com.crm.testcases.HomePageTest@53b32d7] output={null}]]]>
              </value>
            </param>
          </params>
          <reporter-output>
          </reporter-output>
        </test-method> <!-- teardown -->
        <test-method status="PASS" signature="login()[pri:0, instance:com.crm.testcases.HomePageTest@53b32d7]" name="login" is-config="true" duration-ms="18744" started-at="2021-01-26T17:24:49Z" finished-at="2021-01-26T17:25:07Z">
          <reporter-output>
          </reporter-output>
        </test-method> <!-- login -->
        <test-method status="FAIL" signature="verifyName()[pri:0, instance:com.crm.testcases.HomePageTest@53b32d7]" name="verifyName" duration-ms="52" started-at="2021-01-26T17:25:07Z" finished-at="2021-01-26T17:25:07Z">
          <exception class="java.lang.AssertionError">
            <message>
              <![CDATA[expected [Welcome noma] but found [Welcome Sel]]]>
            </message>
            <full-stacktrace>
              <![CDATA[java.lang.AssertionError: expected [Welcome noma] but found [Welcome Sel]
	at org.testng.Assert.fail(Assert.java:93)
	at org.testng.Assert.failNotEquals(Assert.java:512)
	at org.testng.Assert.assertEqualsImpl(Assert.java:134)
	at org.testng.Assert.assertEquals(Assert.java:115)
	at org.testng.Assert.assertEquals(Assert.java:189)
	at org.testng.Assert.assertEquals(Assert.java:199)
	at com.crm.testcases.HomePageTest.verifyName(HomePageTest.java:36)
	at sun.reflect.NativeMethodAccessorImpl.invoke0(Native Method)
	at sun.reflect.NativeMethodAccessorImpl.invoke(Unknown Source)
	at sun.reflect.DelegatingMethodAccessorImpl.invoke(Unknown Source)
	at java.lang.reflect.Method.invoke(Unknown Source)
	at org.testng.internal.MethodInvocationHelper.invokeMethod(MethodInvocationHelper.java:108)
	at org.testng.internal.Invoker.invokeMethod(Invoker.java:661)
	at org.testng.internal.Invoker.invokeTestMethod(Invoker.java:869)
	at org.testng.internal.Invoker.invokeTestMethods(Invoker.java:1193)
	at org.testng.internal.TestMethodWorker.invokeTestMethods(TestMethodWorker.java:126)
	at org.testng.internal.TestMethodWorker.run(TestMethodWorker.java:109)
	at org.testng.TestRunner.privateRun(TestRunner.java:744)
	at org.testng.TestRunner.run(TestRunner.java:602)
	at org.testng.SuiteRunner.runTest(SuiteRunner.java:380)
	at org.testng.SuiteRunner.runSequentially(SuiteRunner.java:375)
	at org.testng.SuiteRunner.privateRun(SuiteRunner.java:340)
	at org.testng.SuiteRunner.run(SuiteRunner.java:289)
	at org.testng.SuiteRunnerWorker.runSuite(SuiteRunnerWorker.java:52)
	at org.testng.SuiteRunnerWorker.run(SuiteRunnerWorker.java:86)
	at org.testng.TestNG.runSuitesSequentially(TestNG.java:1301)
	at org.testng.TestNG.runSuitesLocally(TestNG.java:1226)
	at org.testng.TestNG.runSuites(TestNG.java:1144)
	at org.testng.TestNG.run(TestNG.java:1115)
	at org.testng.remote.AbstractRemoteTestNG.run(AbstractRemoteTestNG.java:126)
	at org.testng.remote.RemoteTestNG.initAndRun(RemoteTestNG.java:137)
	at org.testng.remote.RemoteTestNG.main(RemoteTestNG.java:58)
]]>
            </full-stacktrace>
          </exception> <!-- java.lang.AssertionError -->
          <reporter-output>
          </reporter-output>
        </test-method> <!-- verifyName -->
        <test-method status="PASS" signature="teardown(org.testng.ITestResult)[pri:0, instance:com.crm.testcases.HomePageTest@53b32d7]" name="teardown" is-config="true" duration-ms="1352" started-at="2021-01-26T17:25:07Z" finished-at="2021-01-26T17:25:09Z">
          <params>
            <param index="0">
              <value>
                <![CDATA[[TestResult name=verifyName status=FAILURE method=HomePageTest.verifyName()[pri:0, instance:com.crm.testcases.HomePageTest@53b32d7] output={null}]]]>
              </value>
            </param>
          </params>
          <reporter-output>
          </reporter-output>
        </test-method> <!-- teardown -->
      </class> <!-- com.crm.testcases.HomePageTest -->
      <class name="com.crm.testcases.LoginPageTest">
        <test-method status="PASS" signature="initial()[pri:0, instance:com.crm.testcases.LoginPageTest@5442a311]" name="initial" is-config="true" duration-ms="10894" started-at="2021-01-26T17:25:09Z" finished-at="2021-01-26T17:25:20Z">
          <reporter-output>
          </reporter-output>
        </test-method> <!-- initial -->
        <test-method status="PASS" signature="checkTitle()[pri:0, instance:com.crm.testcases.LoginPageTest@5442a311]" name="checkTitle" duration-ms="24" started-at="2021-01-26T17:25:20Z" finished-at="2021-01-26T17:25:20Z">
          <reporter-output>
          </reporter-output>
        </test-method> <!-- checkTitle -->
        <test-method status="PASS" signature="teardown(org.testng.ITestResult)[pri:0, instance:com.crm.testcases.LoginPageTest@5442a311]" name="teardown" is-config="true" duration-ms="1331" started-at="2021-01-26T17:25:20Z" finished-at="2021-01-26T17:25:21Z">
          <params>
            <param index="0">
              <value>
                <![CDATA[[TestResult name=checkTitle status=SUCCESS method=LoginPageTest.checkTitle()[pri:0, instance:com.crm.testcases.LoginPageTest@5442a311] output={null}]]]>
              </value>
            </param>
          </params>
          <reporter-output>
          </reporter-output>
        </test-method> <!-- teardown -->
        <test-method status="PASS" signature="initial()[pri:0, instance:com.crm.testcases.LoginPageTest@5442a311]" name="initial" is-config="true" duration-ms="14274" started-at="2021-01-26T17:25:21Z" finished-at="2021-01-26T17:25:35Z">
          <reporter-output>
          </reporter-output>
        </test-method> <!-- initial -->
        <test-method status="PASS" signature="login()[pri:0, instance:com.crm.testcases.LoginPageTest@5442a311]" name="login" duration-ms="10150" started-at="2021-01-26T17:25:35Z" finished-at="2021-01-26T17:25:46Z">
          <reporter-output>
          </reporter-output>
        </test-method> <!-- login -->
        <test-method status="PASS" signature="teardown(org.testng.ITestResult)[pri:0, instance:com.crm.testcases.LoginPageTest@5442a311]" name="teardown" is-config="true" duration-ms="753" started-at="2021-01-26T17:25:46Z" finished-at="2021-01-26T17:25:46Z">
          <params>
            <param index="0">
              <value>
                <![CDATA[[TestResult name=login status=SUCCESS method=LoginPageTest.login()[pri:0, instance:com.crm.testcases.LoginPageTest@5442a311] output={null}]]]>
              </value>
            </param>
          </params>
          <reporter-output>
          </reporter-output>
        </test-method> <!-- teardown -->
      </class> <!-- com.crm.testcases.LoginPageTest -->
    </test> <!-- Test -->
  </suite> <!-- Suite -->
</testng-results>
